生成启动时间为 2014/6/13 8:37:56。
     1>项目“D:\VS工程库\大学生活指南\大学生活指南\大学生活指南.vcxproj”在节点 2 上(Build 个目标)。
     1>ClCompile:
         D:\VS2012_\VC\bin\CL.exe /c /ZI /nologo /W3 /WX- /sdl /Od /Oy- /D WIN32 /D _WINDOWS /D _DEBUG /D _UNICODE /D UNICODE /D _AFXDLL /Gm /EHsc /RTC1 /MDd /GS /fp:precise /Zc:wchar_t /Zc:forScope /Yu"stdafx.h" /Fp"Debug\大学生活指南.pch" /Fo"Debug\\" /Fd"Debug\vc110.pdb" /Gd /TP /analyze- /errorReport:prompt BeiWangDlg.cpp
         BeiWangDlg.cpp
       Link:
         D:\VS2012_\VC\bin\link.exe /ERRORREPORT:PROMPT /OUT:"D:\VS工程库\大学生活指南\Debug\大学生活指南.exe" /INCREMENTAL /NOLOGO /MANIFEST /MANIFESTUAC:"level='asInvoker' uiAccess='false'" /manifest:embed /manifestinput:D:\VS2012_\VC\Include\Manifest\dpiaware.manifest /DEBUG /PDB:"D:\VS工程库\大学生活指南\Debug\大学生活指南.pdb" /SUBSYSTEM:WINDOWS /TLBID:1 /ENTRY:"wWinMainCRTStartup" /DYNAMICBASE /NXCOMPAT /IMPLIB:"D:\VS工程库\大学生活指南\Debug\大学生活指南.lib" /MACHINE:X86 "Debug\大学生活指南.res"
         Debug\AddGroup.obj
         Debug\AddPerson.obj
         Debug\ADO.obj
         Debug\BeiWangDlg.obj
         Debug\CMainDlg.obj
         Debug\MyFriend.obj
         Debug\MyStudy.obj
         Debug\MyTravel.obj
         Debug\PersonInfo.obj
         Debug\ReWrite.obj
         Debug\SelectPerson.obj
         Debug\ShowInfo.obj
         Debug\stdafx.obj
         "Debug\大学生活指南.obj"
         大学生活指南.vcxproj -> D:\VS工程库\大学生活指南\Debug\大学生活指南.exe
     1>已完成生成项目“D:\VS工程库\大学生活指南\大学生活指南\大学生活指南.vcxproj”(Build 个目标)的操作。

生成成功。

已用时间 00:00:36.96
